1781198037.328476 client started (2393119): version 3.4, socket /tmp/tmux-1005/default, protocol 8
1781198037.328492 on Linux 6.12.90+deb13.1-amd64 #1 SMP PREEMPT_DYNAMIC Debian 6.12.90-2 (2026-05-27)
1781198037.328495 using libevent 2.1.12-stable poll
1781198037.328497 using ncurses 6.4 20240113
1781198037.328509 flags are 0x18010000
1781198037.328817 socket is /tmp/tmux-1005/default
1781198037.328826 trying connect
1781198037.328839 connect failed: No such file or directory
1781198037.328844 lock file is /tmp/tmux-1005/default.lock
1781198037.328868 flock succeeded
1781198037.328870 got lock (6)
1781198037.328873 trying connect
1781198037.328876 connect failed: No such file or directory
1781198037.329085 add peer 0x55a090176a60: 7 ((nil))
1781198037.329436 sending message 100 to peer 0x55a090176a60 (4 bytes)
1781198037.330351 sending message 111 to peer 0x55a090176a60 (8 bytes)
1781198037.330354 sending message 101 to peer 0x55a090176a60 (15 bytes)
1781198037.330365 sending message 109 to peer 0x55a090176a60 (4 bytes)
1781198037.330367 sending message 102 to peer 0x55a090176a60 (11 bytes)
1781198037.330368 sending message 108 to peer 0x55a090176a60 (25 bytes)
1781198037.330370 sending message 112 to peer 0x55a090176a60 (58 bytes)
1781198037.330372 sending message 112 to peer 0x55a090176a60 (5 bytes)
1781198037.330373 sending message 112 to peer 0x55a090176a60 (5 bytes)
1781198037.330375 sending message 112 to peer 0x55a090176a60 (6 bytes)
1781198037.330377 sending message 112 to peer 0x55a090176a60 (6 bytes)
1781198037.330378 sending message 112 to peer 0x55a090176a60 (11 bytes)
1781198037.330380 sending message 112 to peer 0x55a090176a60 (10 bytes)
1781198037.330382 sending message 112 to peer 0x55a090176a60 (13 bytes)
1781198037.330383 sending message 112 to peer 0x55a090176a60 (14 bytes)
1781198037.330385 sending message 112 to peer 0x55a090176a60 (19 bytes)
1781198037.330386 sending message 112 to peer 0x55a090176a60 (11 bytes)
1781198037.330388 sending message 112 to peer 0x55a090176a60 (10 bytes)
1781198037.330389 sending message 112 to peer 0x55a090176a60 (15 bytes)
1781198037.330391 sending message 112 to peer 0x55a090176a60 (21 bytes)
1781198037.330392 sending message 112 to peer 0x55a090176a60 (13 bytes)
1781198037.330394 sending message 112 to peer 0x55a090176a60 (7 bytes)
1781198037.330395 sending message 112 to peer 0x55a090176a60 (13 bytes)
1781198037.330397 sending message 112 to peer 0x55a090176a60 (7 bytes)
1781198037.330398 sending message 112 to peer 0x55a090176a60 (13 bytes)
1781198037.330400 sending message 112 to peer 0x55a090176a60 (9 bytes)
1781198037.330401 sending message 112 to peer 0x55a090176a60 (21 bytes)
1781198037.330403 sending message 112 to peer 0x55a090176a60 (13 bytes)
1781198037.330404 sending message 112 to peer 0x55a090176a60 (9 bytes)
1781198037.330406 sending message 112 to peer 0x55a090176a60 (16 bytes)
1781198037.330407 sending message 112 to peer 0x55a090176a60 (13 bytes)
1781198037.330409 sending message 112 to peer 0x55a090176a60 (9 bytes)
1781198037.330410 sending message 112 to peer 0x55a090176a60 (9 bytes)
1781198037.330412 sending message 112 to peer 0x55a090176a60 (12 bytes)
1781198037.330413 sending message 112 to peer 0x55a090176a60 (8 bytes)
1781198037.330415 sending message 112 to peer 0x55a090176a60 (8 bytes)
1781198037.330416 sending message 112 to peer 0x55a090176a60 (13 bytes)
1781198037.330418 sending message 112 to peer 0x55a090176a60 (7 bytes)
1781198037.330419 sending message 112 to peer 0x55a090176a60 (7 bytes)
1781198037.330421 sending message 112 to peer 0x55a090176a60 (9 bytes)
1781198037.330422 sending message 112 to peer 0x55a090176a60 (9 bytes)
1781198037.330424 sending message 112 to peer 0x55a090176a60 (15 bytes)
1781198037.330425 sending message 112 to peer 0x55a090176a60 (13 bytes)
1781198037.330427 sending message 112 to peer 0x55a090176a60 (12 bytes)
1781198037.330429 sending message 112 to peer 0x55a090176a60 (8 bytes)
1781198037.330430 sending message 112 to peer 0x55a090176a60 (14 bytes)
1781198037.330432 sending message 112 to peer 0x55a090176a60 (11 bytes)
1781198037.330438 sending message 112 to peer 0x55a090176a60 (9 bytes)
1781198037.330439 sending message 112 to peer 0x55a090176a60 (10 bytes)
1781198037.330441 sending message 112 to peer 0x55a090176a60 (10 bytes)
1781198037.330442 sending message 112 to peer 0x55a090176a60 (10 bytes)
1781198037.330444 sending message 112 to peer 0x55a090176a60 (10 bytes)
1781198037.330445 sending message 112 to peer 0x55a090176a60 (11 bytes)
1781198037.330447 sending message 112 to peer 0x55a090176a60 (12 bytes)
1781198037.330448 sending message 112 to peer 0x55a090176a60 (12 bytes)
1781198037.330450 sending message 112 to peer 0x55a090176a60 (12 bytes)
1781198037.330451 sending message 112 to peer 0x55a090176a60 (12 bytes)
1781198037.330453 sending message 112 to peer 0x55a090176a60 (12 bytes)
1781198037.330454 sending message 112 to peer 0x55a090176a60 (11 bytes)
1781198037.330456 sending message 112 to peer 0x55a090176a60 (11 bytes)
1781198037.330457 sending message 112 to peer 0x55a090176a60 (12 bytes)
1781198037.330459 sending message 112 to peer 0x55a090176a60 (12 bytes)
1781198037.330460 sending message 112 to peer 0x55a090176a60 (12 bytes)
1781198037.330462 sending message 112 to peer 0x55a090176a60 (12 bytes)
1781198037.330463 sending message 112 to peer 0x55a090176a60 (12 bytes)
1781198037.330465 sending message 112 to peer 0x55a090176a60 (9 bytes)
1781198037.330466 sending message 112 to peer 0x55a090176a60 (12 bytes)
1781198037.330468 sending message 112 to peer 0x55a090176a60 (13 bytes)
1781198037.330469 sending message 112 to peer 0x55a090176a60 (13 bytes)
1781198037.330471 sending message 112 to peer 0x55a090176a60 (13 bytes)
1781198037.330472 sending message 112 to peer 0x55a090176a60 (13 bytes)
1781198037.330474 sending message 112 to peer 0x55a090176a60 (13 bytes)
1781198037.330475 sending message 112 to peer 0x55a090176a60 (8 bytes)
1781198037.330477 sending message 112 to peer 0x55a090176a60 (11 bytes)
1781198037.330478 sending message 112 to peer 0x55a090176a60 (11 bytes)
1781198037.330480 sending message 112 to peer 0x55a090176a60 (11 bytes)
1781198037.330481 sending message 112 to peer 0x55a090176a60 (12 bytes)
1781198037.330483 sending message 112 to peer 0x55a090176a60 (12 bytes)
1781198037.330484 sending message 112 to peer 0x55a090176a60 (12 bytes)
1781198037.330486 sending message 112 to peer 0x55a090176a60 (12 bytes)
1781198037.330487 sending message 112 to peer 0x55a090176a60 (13 bytes)
1781198037.330489 sending message 112 to peer 0x55a090176a60 (13 bytes)
1781198037.330491 sending message 112 to peer 0x55a090176a60 (13 bytes)
1781198037.330492 sending message 112 to peer 0x55a090176a60 (8 bytes)
1781198037.330494 sending message 112 to peer 0x55a090176a60 (13 bytes)
1781198037.330495 sending message 112 to peer 0x55a090176a60 (13 bytes)
1781198037.330497 sending message 112 to peer 0x55a090176a60 (13 bytes)
1781198037.330498 sending message 112 to peer 0x55a090176a60 (13 bytes)
1781198037.330500 sending message 112 to peer 0x55a090176a60 (13 bytes)
1781198037.330501 sending message 112 to peer 0x55a090176a60 (12 bytes)
1781198037.330503 sending message 112 to peer 0x55a090176a60 (12 bytes)
1781198037.330504 sending message 112 to peer 0x55a090176a60 (12 bytes)
1781198037.330506 sending message 112 to peer 0x55a090176a60 (12 bytes)
1781198037.330507 sending message 112 to peer 0x55a090176a60 (13 bytes)
1781198037.330509 sending message 112 to peer 0x55a090176a60 (8 bytes)
1781198037.330510 sending message 112 to peer 0x55a090176a60 (13 bytes)
1781198037.330512 sending message 112 to peer 0x55a090176a60 (13 bytes)
1781198037.330513 sending message 112 to peer 0x55a090176a60 (13 bytes)
1781198037.330515 sending message 112 to peer 0x55a090176a60 (13 bytes)
1781198037.330516 sending message 112 to peer 0x55a090176a60 (13 bytes)
1781198037.330518 sending message 112 to peer 0x55a090176a60 (13 bytes)
1781198037.330519 sending message 112 to peer 0x55a090176a60 (13 bytes)
1781198037.330521 sending message 112 to peer 0x55a090176a60 (12 bytes)
1781198037.330522 sending message 112 to peer 0x55a090176a60 (12 bytes)
1781198037.330525 sending message 112 to peer 0x55a090176a60 (12 bytes)
1781198037.330527 sending message 112 to peer 0x55a090176a60 (8 bytes)
1781198037.330529 sending message 112 to peer 0x55a090176a60 (12 bytes)
1781198037.330530 sending message 112 to peer 0x55a090176a60 (13 bytes)
1781198037.330532 sending message 112 to peer 0x55a090176a60 (13 bytes)
1781198037.330533 sending message 112 to peer 0x55a090176a60 (13 bytes)
1781198037.330534 sending message 112 to peer 0x55a090176a60 (13 bytes)
1781198037.330536 sending message 112 to peer 0x55a090176a60 (13 bytes)
1781198037.330538 sending message 112 to peer 0x55a090176a60 (13 bytes)
1781198037.330539 sending message 112 to peer 0x55a090176a60 (13 bytes)
1781198037.330541 sending message 112 to peer 0x55a090176a60 (13 bytes)
1781198037.330542 sending message 112 to peer 0x55a090176a60 (12 bytes)
1781198037.330544 sending message 112 to peer 0x55a090176a60 (10 bytes)
1781198037.330545 sending message 112 to peer 0x55a090176a60 (12 bytes)
1781198037.330547 sending message 112 to peer 0x55a090176a60 (12 bytes)
1781198037.330548 sending message 112 to peer 0x55a090176a60 (12 bytes)
1781198037.330550 sending message 112 to peer 0x55a090176a60 (13 bytes)
1781198037.330551 sending message 112 to peer 0x55a090176a60 (13 bytes)
1781198037.330553 sending message 112 to peer 0x55a090176a60 (13 bytes)
1781198037.330554 sending message 112 to peer 0x55a090176a60 (13 bytes)
1781198037.330556 sending message 112 to peer 0x55a090176a60 (13 bytes)
1781198037.330557 sending message 112 to peer 0x55a090176a60 (13 bytes)
1781198037.330559 sending message 112 to peer 0x55a090176a60 (13 bytes)
1781198037.330560 sending message 112 to peer 0x55a090176a60 (10 bytes)
1781198037.330562 sending message 112 to peer 0x55a090176a60 (13 bytes)
1781198037.330563 sending message 112 to peer 0x55a090176a60 (12 bytes)
1781198037.330565 sending message 112 to peer 0x55a090176a60 (12 bytes)
1781198037.330566 sending message 112 to peer 0x55a090176a60 (12 bytes)
1781198037.330568 sending message 112 to peer 0x55a090176a60 (10 bytes)
1781198037.330569 sending message 112 to peer 0x55a090176a60 (10 bytes)
1781198037.330571 sending message 112 to peer 0x55a090176a60 (10 bytes)
1781198037.330572 sending message 112 to peer 0x55a090176a60 (12 bytes)
1781198037.330574 sending message 112 to peer 0x55a090176a60 (13 bytes)
1781198037.330575 sending message 112 to peer 0x55a090176a60 (13 bytes)
1781198037.330577 sending message 112 to peer 0x55a090176a60 (13 bytes)
1781198037.330578 sending message 112 to peer 0x55a090176a60 (13 bytes)
1781198037.330580 sending message 112 to peer 0x55a090176a60 (13 bytes)
1781198037.330581 sending message 112 to peer 0x55a090176a60 (10 bytes)
1781198037.330583 sending message 112 to peer 0x55a090176a60 (11 bytes)
1781198037.330584 sending message 112 to peer 0x55a090176a60 (12 bytes)
1781198037.330586 sending message 112 to peer 0x55a090176a60 (12 bytes)
1781198037.330587 sending message 112 to peer 0x55a090176a60 (12 bytes)
1781198037.330589 sending message 112 to peer 0x55a090176a60 (12 bytes)
1781198037.330590 sending message 112 to peer 0x55a090176a60 (12 bytes)
1781198037.330592 sending message 112 to peer 0x55a090176a60 (11 bytes)
1781198037.330593 sending message 112 to peer 0x55a090176a60 (12 bytes)
1781198037.330594 sending message 112 to peer 0x55a090176a60 (12 bytes)
1781198037.330596 sending message 112 to peer 0x55a090176a60 (13 bytes)
1781198037.330597 sending message 112 to peer 0x55a090176a60 (13 bytes)
1781198037.330599 sending message 112 to peer 0x55a090176a60 (13 bytes)
1781198037.330600 sending message 112 to peer 0x55a090176a60 (13 bytes)
1781198037.330602 sending message 112 to peer 0x55a090176a60 (13 bytes)
1781198037.330603 sending message 112 to peer 0x55a090176a60 (10 bytes)
1781198037.330605 sending message 112 to peer 0x55a090176a60 (9 bytes)
1781198037.330606 sending message 112 to peer 0x55a090176a60 (12 bytes)
1781198037.330608 sending message 112 to peer 0x55a090176a60 (13 bytes)
1781198037.330609 sending message 112 to peer 0x55a090176a60 (13 bytes)
1781198037.330613 sending message 112 to peer 0x55a090176a60 (13 bytes)
1781198037.330614 sending message 112 to peer 0x55a090176a60 (13 bytes)
1781198037.330616 sending message 112 to peer 0x55a090176a60 (13 bytes)
1781198037.330617 sending message 112 to peer 0x55a090176a60 (9 bytes)
1781198037.330619 sending message 112 to peer 0x55a090176a60 (12 bytes)
1781198037.330620 sending message 112 to peer 0x55a090176a60 (13 bytes)
1781198037.330622 sending message 112 to peer 0x55a090176a60 (13 bytes)
1781198037.330623 sending message 112 to peer 0x55a090176a60 (13 bytes)
1781198037.330625 sending message 112 to peer 0x55a090176a60 (13 bytes)
1781198037.330626 sending message 112 to peer 0x55a090176a60 (13 bytes)
1781198037.330628 sending message 112 to peer 0x55a090176a60 (11 bytes)
1781198037.330629 sending message 112 to peer 0x55a090176a60 (12 bytes)
1781198037.330631 sending message 112 to peer 0x55a090176a60 (13 bytes)
1781198037.330632 sending message 112 to peer 0x55a090176a60 (13 bytes)
1781198037.330634 sending message 112 to peer 0x55a090176a60 (13 bytes)
1781198037.330635 sending message 112 to peer 0x55a090176a60 (13 bytes)
1781198037.330637 sending message 112 to peer 0x55a090176a60 (13 bytes)
1781198037.330638 sending message 112 to peer 0x55a090176a60 (11 bytes)
1781198037.330640 sending message 112 to peer 0x55a090176a60 (12 bytes)
1781198037.330641 sending message 112 to peer 0x55a090176a60 (12 bytes)
1781198037.330643 sending message 112 to peer 0x55a090176a60 (12 bytes)
1781198037.330644 sending message 112 to peer 0x55a090176a60 (12 bytes)
1781198037.330646 sending message 112 to peer 0x55a090176a60 (12 bytes)
1781198037.330648 sending message 112 to peer 0x55a090176a60 (21 bytes)
1781198037.330649 sending message 112 to peer 0x55a090176a60 (12 bytes)
1781198037.330651 sending message 112 to peer 0x55a090176a60 (9 bytes)
1781198037.330652 sending message 112 to peer 0x55a090176a60 (6 bytes)
1781198037.330654 sending message 112 to peer 0x55a090176a60 (13 bytes)
1781198037.330656 sending message 112 to peer 0x55a090176a60 (10 bytes)
1781198037.330657 sending message 112 to peer 0x55a090176a60 (24 bytes)
1781198037.330659 sending message 112 to peer 0x55a090176a60 (13 bytes)
1781198037.330660 sending message 112 to peer 0x55a090176a60 (9 bytes)
1781198037.330662 sending message 112 to peer 0x55a090176a60 (70 bytes)
1781198037.330664 sending message 112 to peer 0x55a090176a60 (69 bytes)
1781198037.330665 sending message 112 to peer 0x55a090176a60 (12 bytes)
1781198037.330667 sending message 112 to peer 0x55a090176a60 (10 bytes)
1781198037.330668 sending message 112 to peer 0x55a090176a60 (10 bytes)
1781198037.330670 sending message 112 to peer 0x55a090176a60 (24 bytes)
1781198037.330672 sending message 112 to peer 0x55a090176a60 (13 bytes)
1781198037.330673 sending message 112 to peer 0x55a090176a60 (10 bytes)
1781198037.330675 sending message 112 to peer 0x55a090176a60 (10 bytes)
1781198037.330677 sending message 112 to peer 0x55a090176a60 (10 bytes)
1781198037.330678 sending message 112 to peer 0x55a090176a60 (13 bytes)
1781198037.330680 sending message 112 to peer 0x55a090176a60 (15 bytes)
1781198037.330682 sending message 112 to peer 0x55a090176a60 (5 bytes)
1781198037.330684 sending message 104 to peer 0x55a090176a60 (0 bytes)
1781198037.330686 sending message 110 to peer 0x55a090176a60 (0 bytes)
1781198037.330688 sending message 107 to peer 0x55a090176a60 (4 bytes)
1781198037.330690 sending message 105 to peer 0x55a090176a60 (16 bytes)
1781198037.330692 sending message 105 to peer 0x55a090176a60 (45 bytes)
1781198037.330693 sending message 105 to peer 0x55a090176a60 (7 bytes)
1781198037.330695 sending message 105 to peer 0x55a090176a60 (31 bytes)
1781198037.330697 sending message 105 to peer 0x55a090176a60 (38 bytes)
1781198037.330698 sending message 105 to peer 0x55a090176a60 (29 bytes)
1781198037.330700 sending message 105 to peer 0x55a090176a60 (14 bytes)
1781198037.330702 sending message 105 to peer 0x55a090176a60 (33 bytes)
1781198037.330703 sending message 105 to peer 0x55a090176a60 (40 bytes)
1781198037.330707 sending message 105 to peer 0x55a090176a60 (17 bytes)
1781198037.330708 sending message 105 to peer 0x55a090176a60 (13 bytes)
1781198037.330710 sending message 105 to peer 0x55a090176a60 (29 bytes)
1781198037.330712 sending message 105 to peer 0x55a090176a60 (20 bytes)
1781198037.330713 sending message 105 to peer 0x55a090176a60 (52 bytes)
1781198037.330715 sending message 105 to peer 0x55a090176a60 (39 bytes)
1781198037.330717 sending message 105 to peer 0x55a090176a60 (28 bytes)
1781198037.330718 sending message 105 to peer 0x55a090176a60 (46 bytes)
1781198037.330720 sending message 105 to peer 0x55a090176a60 (37 bytes)
1781198037.330721 sending message 105 to peer 0x55a090176a60 (30 bytes)
1781198037.330723 sending message 105 to peer 0x55a090176a60 (20 bytes)
1781198037.330724 sending message 105 to peer 0x55a090176a60 (11 bytes)
1781198037.330726 sending message 105 to peer 0x55a090176a60 (11 bytes)
1781198037.330728 sending message 105 to peer 0x55a090176a60 (14 bytes)
1781198037.330730 sending message 105 to peer 0x55a090176a60 (26 bytes)
1781198037.330732 sending message 105 to peer 0x55a090176a60 (8 bytes)
1781198037.330733 sending message 105 to peer 0x55a090176a60 (40 bytes)
1781198037.330735 sending message 105 to peer 0x55a090176a60 (15 bytes)
1781198037.330736 sending message 105 to peer 0x55a090176a60 (53 bytes)
1781198037.330738 sending message 105 to peer 0x55a090176a60 (34 bytes)
1781198037.330740 sending message 105 to peer 0x55a090176a60 (138 bytes)
1781198037.330741 sending message 105 to peer 0x55a090176a60 (37 bytes)
1781198037.330743 sending message 105 to peer 0x55a090176a60 (43 bytes)
1781198037.330745 sending message 105 to peer 0x55a090176a60 (19 bytes)
1781198037.330746 sending message 105 to peer 0x55a090176a60 (19 bytes)
1781198037.330748 sending message 105 to peer 0x55a090176a60 (55 bytes)
1781198037.330750 sending message 105 to peer 0x55a090176a60 (613 bytes)
1781198037.330751 sending message 105 to peer 0x55a090176a60 (16 bytes)
1781198037.330753 sending message 106 to peer 0x55a090176a60 (0 bytes)
1781198037.330785 sending message 200 to peer 0x55a090176a60 (4 bytes)
1781198037.330787 client loop enter
1781198037.330798 client_signal: Child exited
1781198037.372547 peer 0x55a090176a60 message 207
1781198037.372559 sending message 208 to peer 0x55a090176a60 (0 bytes)
1781198048.486435 peer 0x55a090176a60 message 203
1781198048.487098 sending message 205 to peer 0x55a090176a60 (0 bytes)
1781198048.487336 peer 0x55a090176a60 message 204
1781198048.487338 client loop exit
